\BOOKMARK [1][-]{section.1}{\376\377\000G\000r\000u\000n\000d\000l\000a\000g\000e\000n\000\040\000d\000e\000s\000\040\000P\000e\000r\000s\000o\000n\000a\000l\000m\000a\000n\000a\000g\000e\000m\000e\000n\000t\000s}{}% 1
\BOOKMARK [2][-]{subsection.1.1}{\376\377\000D\000e\000f\000i\000n\000i\000t\000i\000o\000n\000,\000\040\000B\000e\000d\000e\000u\000t\000u\000n\000g\000\040\000u\000n\000d\000\040\000Z\000i\000e\000l\000e\000,\000\040\000H\000i\000s\000t\000o\000r\000i\000e}{section.1}% 2
\BOOKMARK [2][-]{subsection.1.2}{\376\377\000P\000e\000r\000s\000o\000n\000a\000l\000p\000l\000a\000n\000u\000n\000g}{section.1}% 3
\BOOKMARK [2][-]{subsection.1.3}{\376\377\000P\000e\000r\000s\000o\000n\000a\000l\000b\000e\000s\000c\000h\000a\000f\000f\000u\000n\000g}{section.1}% 4
\BOOKMARK [2][-]{subsection.1.4}{\376\377\000P\000e\000r\000s\000o\000n\000a\000l\000e\000n\000t\000w\000i\000c\000k\000l\000u\000n\000g}{section.1}% 5
\BOOKMARK [2][-]{subsection.1.5}{\376\377\000P\000e\000r\000s\000o\000n\000a\000l\000b\000e\000u\000r\000t\000e\000i\000l\000u\000n\000g}{section.1}% 6
\BOOKMARK [1][-]{section.2}{\376\377\000A\000u\000f\000b\000a\000u\000\040\000d\000e\000r\000\040\000K\000o\000m\000p\000o\000n\000e\000n\000t\000e\000n\000\040\000H\000C\000M}{}% 7
\BOOKMARK [2][-]{subsection.2.1}{\376\377\000O\000r\000g\000a\000n\000i\000s\000a\000t\000i\000o\000n\000s\000s\000t\000r\000u\000k\000t\000u\000r}{section.2}% 8
\BOOKMARK [2][-]{subsection.2.2}{\376\377\000U\000n\000t\000e\000r\000n\000e\000h\000m\000e\000n\000s\000s\000t\000r\000u\000k\000t\000u\000r}{section.2}% 9
\BOOKMARK [2][-]{subsection.2.3}{\376\377\000P\000e\000r\000s\000o\000n\000a\000l\000s\000t\000r\000u\000k\000t\000u\000r}{section.2}% 10
\BOOKMARK [2][-]{subsection.2.4}{\376\377\000A\000u\000f\000b\000a\000u\000o\000r\000g\000a\000n\000i\000s\000a\000t\000i\000o\000n}{section.2}% 11
\BOOKMARK [2][-]{subsection.2.5}{\376\377\000S\000t\000a\000m\000m\000d\000a\000t\000e\000n}{section.2}% 12
\BOOKMARK [2][-]{subsection.2.6}{\376\377\000H\000C\000M\000-\000P\000r\000o\000z\000e\000s\000s\000e}{section.2}% 13
\BOOKMARK [2][-]{subsection.2.7}{\376\377\000O\000r\000g\000a\000n\000i\000s\000a\000t\000i\000o\000n\000s\000m\000a\000n\000a\000g\000e\000m\000e\000n\000t}{section.2}% 14
\BOOKMARK [2][-]{subsection.2.8}{\376\377\000P\000e\000r\000s\000o\000n\000a\000l\000a\000d\000m\000i\000n\000i\000s\000t\000r\000a\000t\000i\000o\000n}{section.2}% 15
\BOOKMARK [2][-]{subsection.2.9}{\376\377\000P\000e\000r\000s\000o\000n\000a\000l\000b\000e\000s\000c\000h\000a\000f\000f\000u\000n\000g}{section.2}% 16
\BOOKMARK [2][-]{subsection.2.10}{\376\377\000P\000e\000r\000s\000o\000n\000a\000l\000e\000n\000t\000w\000i\000c\000k\000l\000u\000n\000g\000\040\000u\000n\000d\000\040\000T\000a\000l\000e\000n\000t\000m\000a\000n\000a\000g\000e\000m\000e\000n\000t}{section.2}% 17
\BOOKMARK [2][-]{subsection.2.11}{\376\377\000P\000e\000r\000f\000o\000r\000m\000a\000n\000c\000e\000-\000M\000a\000n\000a\000g\000e\000m\000e\000n\000t}{section.2}% 18
\BOOKMARK [1][-]{section.3}{\376\377\000P\000r\000a\000k\000t\000i\000s\000c\000h\000e\000\040\000V\000o\000r\000s\000t\000e\000l\000l\000u\000n\000g\000\040\000d\000e\000r\000\040\000P\000e\000r\000s\000o\000n\000a\000l\000a\000d\000m\000i\000n\000i\000s\000t\000r\000a\000t\000i\000o\000n}{}% 19
\BOOKMARK [2][-]{subsection.3.1}{\376\377\000E\000i\000n\000s\000t\000e\000l\000l\000u\000n\000g\000s\000p\000r\000o\000z\000e\000s\000s}{section.3}% 20
\BOOKMARK [3][-]{subsubsection.3.1.1}{\376\377\000A\000n\000l\000e\000g\000e\000n\000\040\000e\000i\000n\000e\000r\000\040\000P\000l\000a\000n\000s\000t\000e\000l\000l\000e}{subsection.3.1}% 21
\BOOKMARK [3][-]{subsubsection.3.1.2}{\376\377\000A\000n\000l\000e\000g\000e\000n\000\040\000d\000e\000r\000\040\000L\000a\000u\000f\000b\000a\000h\000n}{subsection.3.1}% 22
\BOOKMARK [3][-]{subsubsection.3.1.3}{\376\377\000F\000e\000s\000t\000l\000e\000g\000e\000n\000\040\000A\000n\000f\000o\000r\000d\000e\000r\000u\000n\000g}{subsection.3.1}% 23
\BOOKMARK [3][-]{subsubsection.3.1.4}{\376\377\000E\000i\000n\000s\000t\000e\000l\000l\000e\000n\000\040\000d\000e\000r\000\040\000M\000i\000t\000a\000r\000b\000e\000i\000t\000e\000r}{subsection.3.1}% 24
\BOOKMARK [2][-]{subsection.3.2}{\376\377\000R\000e\000k\000r\000u\000t\000i\000e\000r\000u\000n\000g\000s\000p\000r\000o\000z\000e\000s\000s}{section.3}% 25
\BOOKMARK [3][-]{subsubsection.3.2.1}{\376\377\000A\000u\000s\000s\000c\000h\000r\000e\000i\000b\000e\000n\000\040\000d\000e\000r\000\040\000S\000t\000e\000l\000l\000e}{subsection.3.2}% 26
\BOOKMARK [3][-]{subsubsection.3.2.2}{\376\377\000E\000r\000f\000a\000s\000s\000e\000n\000\040\000B\000e\000w\000e\000r\000b\000e\000r\000d\000a\000t\000e\000n}{subsection.3.2}% 27
\BOOKMARK [3][-]{subsubsection.3.2.3}{\376\377\000V\000o\000r\000b\000e\000r\000e\000i\000t\000e\000n\000\040\000d\000e\000r\000\040\000E\000i\000n\000s\000t\000e\000l\000l\000u\000n\000g}{subsection.3.2}% 28
\BOOKMARK [3][-]{subsubsection.3.2.4}{\376\377\000E\000i\000n\000s\000t\000e\000l\000l\000e\000n\000\040\000d\000e\000r\000\040\000B\000e\000w\000e\000r\000b\000e\000r}{subsection.3.2}% 29
\BOOKMARK [2][-]{subsection.3.3}{\376\377\000P\000e\000r\000s\000o\000n\000a\000l\000e\000n\000t\000w\000i\000c\000k\000l\000u\000n\000g}{section.3}% 30
\BOOKMARK [3][-]{subsubsection.3.3.1}{\376\377\000P\000f\000l\000e\000g\000e\000n\000\040\000d\000e\000s\000\040\000Q\000u\000a\000l\000i\000f\000i\000k\000a\000t\000i\000o\000n\000s\000p\000r\000o\000f\000i\000l\000s}{subsection.3.3}% 31
\BOOKMARK [3][-]{subsubsection.3.3.2}{\376\377\000D\000u\000r\000c\000h\000f\000\374\000h\000r\000e\000n\000\040\000d\000e\000r\000\040\000L\000a\000u\000f\000b\000a\000h\000n\000p\000l\000a\000n\000u\000n\000g}{subsection.3.3}% 32
\BOOKMARK [3][-]{subsubsection.3.3.3}{\376\377\000A\000n\000l\000e\000g\000e\000n\000\040\000d\000e\000r\000\040\000V\000e\000r\000a\000n\000s\000t\000a\000l\000t\000u\000n\000g}{subsection.3.3}% 33
\BOOKMARK [3][-]{subsubsection.3.3.4}{\376\377\000B\000u\000c\000h\000e\000n\000\040\000d\000e\000r\000\040\000V\000e\000r\000a\000n\000s\000t\000a\000l\000t\000u\000n\000g}{subsection.3.3}% 34
\BOOKMARK [3][-]{subsubsection.3.3.5}{\376\377\000N\000a\000c\000h\000b\000e\000r\000e\000i\000t\000e\000n\000\040\000d\000e\000r\000\040\000V\000e\000r\000a\000n\000s\000t\000a\000l\000t\000u\000n\000g}{subsection.3.3}% 35
\BOOKMARK [3][-]{subsubsection.3.3.6}{\376\377\000D\000u\000r\000c\000h\000f\000\374\000h\000r\000e\000n\000\040\000d\000e\000r\000\040\000L\000a\000u\000f\000b\000a\000h\000n\000p\000l\000a\000n\000u\000n\000g}{subsection.3.3}% 36
\BOOKMARK [2][-]{subsection.3.4}{\376\377\000B\000e\000u\000r\000t\000e\000i\000l\000u\000n\000g\000s\000p\000r\000o\000z\000e\000s\000s}{section.3}% 37
\BOOKMARK [3][-]{subsubsection.3.4.1}{\376\377\000V\000o\000r\000b\000e\000r\000e\000i\000t\000e\000n\000\040\000d\000e\000r\000\040\000B\000e\000u\000r\000t\000e\000i\000l\000u\000n\000g}{subsection.3.4}% 38
\BOOKMARK [3][-]{subsubsection.3.4.2}{\376\377\000D\000u\000r\000c\000h\000f\000\374\000h\000r\000e\000n\000\040\000d\000e\000r\000\040\000B\000e\000u\000r\000t\000e\000i\000l\000u\000n\000g}{subsection.3.4}% 39
\BOOKMARK [3][-]{subsubsection.3.4.3}{\376\377\000V\000e\000r\000s\000e\000t\000z\000e\000n\000\040\000d\000e\000r\000\040\000M\000i\000t\000a\000r\000b\000e\000i\000t\000e\000r}{subsection.3.4}% 40
\BOOKMARK [1][-]{section.4}{\376\377\000K\000r\000i\000t\000i\000s\000c\000h\000e\000\040\000B\000e\000w\000e\000r\000t\000u\000n\000g\000/\000A\000u\000s\000b\000l\000i\000c\000k\000\040\000a\000u\000f\000\040\000S\000A\000P\000\040\000S\000u\000c\000e\000s\000s\000F\000a\000c\000t\000o\000r\000s}{}% 41
\BOOKMARK [2][-]{subsection.4.1}{\376\377\000B\000e\000w\000e\000r\000t\000u\000n\000g\000\040\000d\000e\000s\000\040\000H\000C\000M\000-\000M\000o\000d\000u\000l\000s}{section.4}% 42
\BOOKMARK [2][-]{subsection.4.2}{\376\377\000V\000o\000r\000t\000e\000i\000l\000e\000\040\000u\000n\000d\000\040\000N\000a\000c\000h\000t\000e\000i\000l\000e}{section.4}% 43
\BOOKMARK [2][-]{subsection.4.3}{\376\377\000A\000u\000s\000s\000i\000c\000h\000t\000e\000n\000\040\000u\000n\000d\000\040\000V\000e\000r\000g\000l\000e\000i\000c\000h\000\040\000m\000i\000t\000\040\000d\000e\000m\000\040\000n\000e\000u\000e\000n\000\040\000S\000u\000c\000c\000e\000s\000s\000F\000a\000c\000t\000o\000r\000s}{section.4}% 44
\BOOKMARK [3][-]{subsubsection.4.3.1}{\376\377\000U\000n\000t\000e\000r\000s\000c\000h\000i\000e\000d\000e}{subsection.4.3}% 45
\BOOKMARK [3][-]{subsubsection.4.3.2}{\376\377\000V\000o\000r\000t\000e\000i\000l\000e\000/\000F\000o\000r\000t\000s\000c\000h\000r\000i\000t\000t\000e\000\040\000g\000e\000g\000e\000n\000\374\000b\000e\000r\000\040\000H\000C\000M}{subsection.4.3}% 46
